[0;1;37m15:17:32 [0m[0;1;36minfo [0mCreating namespace vcluster-01
[0;1;37m15:17:32 [0m[0;1;36minfo [0mCreate vcluster vcluster-01...
[0;1;37m15:17:32 [0m[0;1;36minfo [0mexecute command: helm upgrade vcluster-01 /var/folders/s8/6ppt_4qx1wv9yjwtqg6tb46r0000gn/T/vcluster-0.23.0.tgz-4013056303 --create-namespace --kubeconfig /var/folders/s8/6ppt_4qx1wv9yjwtqg6tb46r0000gn/T/1105186295 --namespace vcluster-01 --install --repository-config='' --values /var/folders/s8/6ppt_4qx1wv9yjwtqg6tb46r0000gn/T/2491663673
[0;1;37m15:17:33 [0m[0;1;32mdone [0mSuccessfully created virtual cluster vcluster-01 in namespace vcluster-01
[0;1;37m15:17:37 [0m[0;1;36minfo [0mWaiting for vcluster to come up...
[0;1;37m15:17:49 [0m[0;1;36minfo [0mvcluster is waiting, because vcluster pod vcluster-01-0 has status: Init:0/3
[0;1;37m15:17:59 [0m[0;1;36minfo [0mvcluster is waiting, because vcluster pod vcluster-01-0 has status: Init:0/3
[0;1;37m15:18:10 [0m[0;1;36minfo [0mvcluster is waiting, because vcluster pod vcluster-01-0 has status: Init:0/3
[0;1;37m15:18:20 [0m[0;1;36minfo [0mvcluster is waiting, because vcluster pod vcluster-01-0 has status: Init:2/3
[0;1;37m15:18:38 [0m[0;1;32mdone [0mvCluster is up and running
Forwarding from 127.0.0.1:11959 -> 8443
Forwarding from [::1]:11959 -> 8443
[0;1;37m15:18:38 [0m[0;1;32mdone [0mSwitched active kube context to vcluster_vcluster-01_vcluster-01_kind-kube-cluster01
[0;1;37m15:18:38 [0m[0;1;31mwarn [0mSince you are using port-forwarding to connect, you will need to leave this terminal open
- Use CTRL+C to return to your previous kube context
- Use `kubectl get namespaces` in another terminal to access the vcluster
Handling connection for 11959
Handling connection for 11959
Handling connection for 11959
Handling connection for 11959
Handling connection for 11959
Handling connection for 11959
Handling connection for 11959
Handling connection for 11959
Handling connection for 11959
Handling connection for 11959
Handling connection for 11959
Handling connection for 11959
Handling connection for 11959
Handling connection for 11959
Handling connection for 11959
Handling connection for 11959
Handling connection for 11959
Handling connection for 11959
Handling connection for 11959
Handling connection for 11959
Handling connection for 11959
Handling connection for 11959
Handling connection for 11959
Handling connection for 11959
Handling connection for 11959
Handling connection for 11959
Handling connection for 11959
Handling connection for 11959
Handling connection for 11959
Handling connection for 11959
Handling connection for 11959
Handling connection for 11959
Handling connection for 11959
[0;1;37m15:19:36 [0m[0;1;36minfo [0merror during port forwarder: lost connection to pod
[0;1;37m15:19:36 [0m[0;1;36minfo [0mRestarting port forwarding
[0;1;37m15:29:36 [0m[0;1;31mwarn [0merror waiting for ready vcluster pod: context deadline exceeded
[0;1;37m15:29:36 [0m[0;1;36minfo [0mRestarting port forwarding
[0;1;37m15:39:37 [0m[0;1;31mwarn [0merror waiting for ready vcluster pod: context deadline exceeded
[0;1;37m15:39:37 [0m[0;1;36minfo [0mRestarting port forwarding
[0;1;37m16:09:30 [0m[0;1;31mwarn [0merror waiting for ready vcluster pod: context deadline exceeded
[0;1;37m16:09:30 [0m[0;1;36minfo [0mRestarting port forwarding
[0;1;37m16:19:30 [0m[0;1;31mwarn [0merror waiting for ready vcluster pod: context deadline exceeded
[0;1;37m16:19:30 [0m[0;1;36minfo [0mRestarting port forwarding
[0;1;37m16:29:30 [0m[0;1;31mwarn [0merror waiting for ready vcluster pod: context deadline exceeded
[0;1;37m16:29:30 [0m[0;1;36minfo [0mRestarting port forwarding
[0;1;37m16:39:30 [0m[0;1;31mwarn [0merror waiting for ready vcluster pod: context deadline exceeded
[0;1;37m16:39:30 [0m[0;1;36minfo [0mRestarting port forwarding
[0;1;37m16:49:30 [0m[0;1;31mwarn [0merror waiting for ready vcluster pod: context deadline exceeded
[0;1;37m16:49:30 [0m[0;1;36minfo [0mRestarting port forwarding
[0;1;37m16:59:30 [0m[0;1;31mwarn [0merror waiting for ready vcluster pod: context deadline exceeded
[0;1;37m16:59:30 [0m[0;1;36minfo [0mRestarting port forwarding
[0;1;37m17:38:11 [0m[0;1;31mwarn [0merror waiting for ready vcluster pod: context deadline exceeded
[0;1;37m17:38:11 [0m[0;1;36minfo [0mRestarting port forwarding
[0;1;37m17:48:11 [0m[0;1;31mwarn [0merror waiting for ready vcluster pod: context deadline exceeded
[0;1;37m17:48:11 [0m[0;1;36minfo [0mRestarting port forwarding
[0;1;37m17:58:11 [0m[0;1;31mwarn [0merror waiting for ready vcluster pod: context deadline exceeded
[0;1;37m17:58:11 [0m[0;1;36minfo [0mRestarting port forwarding
[0;1;37m18:08:11 [0m[0;1;31mwarn [0merror waiting for ready vcluster pod: context deadline exceeded
[0;1;37m18:08:11 [0m[0;1;36minfo [0mRestarting port forwarding
[0;1;37m18:18:11 [0m[0;1;31mwarn [0merror waiting for ready vcluster pod: context deadline exceeded
[0;1;37m18:18:11 [0m[0;1;36minfo [0mRestarting port forwarding
[0;1;37m18:28:11 [0m[0;1;31mwarn [0merror waiting for ready vcluster pod: context deadline exceeded
[0;1;37m18:28:11 [0m[0;1;36minfo [0mRestarting port forwarding
[0;1;37m18:55:48 [0m[0;1;31mwarn [0merror waiting for ready vcluster pod: context deadline exceeded
[0;1;37m18:55:48 [0m[0;1;36minfo [0mRestarting port forwarding
[0;1;37m19:05:48 [0m[0;1;31mwarn [0merror waiting for ready vcluster pod: context deadline exceeded
[0;1;37m19:05:48 [0m[0;1;36minfo [0mRestarting port forwarding
[0;1;37m19:15:48 [0m[0;1;31mwarn [0merror waiting for ready vcluster pod: context deadline exceeded
[0;1;37m19:15:48 [0m[0;1;36minfo [0mRestarting port forwarding
[0;1;37m19:25:48 [0m[0;1;31mwarn [0merror waiting for ready vcluster pod: context deadline exceeded
[0;1;37m19:25:48 [0m[0;1;36minfo [0mRestarting port forwarding
[0;1;37m19:35:48 [0m[0;1;31mwarn [0merror waiting for ready vcluster pod: context deadline exceeded
[0;1;37m19:35:48 [0m[0;1;36minfo [0mRestarting port forwarding
[0;1;37m19:45:48 [0m[0;1;31mwarn [0merror waiting for ready vcluster pod: context deadline exceeded
[0;1;37m19:45:48 [0m[0;1;36minfo [0mRestarting port forwarding
[0;1;37m20:01:52 [0m[0;1;31mwarn [0merror waiting for ready vcluster pod: context deadline exceeded
[0;1;37m20:01:52 [0m[0;1;36minfo [0mRestarting port forwarding
[0;1;37m20:11:52 [0m[0;1;31mwarn [0merror waiting for ready vcluster pod: context deadline exceeded
[0;1;37m20:11:52 [0m[0;1;36minfo [0mRestarting port forwarding
[0;1;37m20:21:52 [0m[0;1;31mwarn [0merror waiting for ready vcluster pod: context deadline exceeded
[0;1;37m20:21:52 [0m[0;1;36minfo [0mRestarting port forwarding
[0;1;37m20:31:52 [0m[0;1;31mwarn [0merror waiting for ready vcluster pod: context deadline exceeded
[0;1;37m20:31:52 [0m[0;1;36minfo [0mRestarting port forwarding
[0;1;37m20:41:52 [0m[0;1;31mwarn [0merror waiting for ready vcluster pod: context deadline exceeded
[0;1;37m20:41:52 [0m[0;1;36minfo [0mRestarting port forwarding
[0;1;37m20:51:52 [0m[0;1;31mwarn [0merror waiting for ready vcluster pod: context deadline exceeded
[0;1;37m20:51:52 [0m[0;1;36minfo [0mRestarting port forwarding
[0;1;37m21:01:52 [0m[0;1;31mwarn [0merror waiting for ready vcluster pod: context deadline exceeded
[0;1;37m21:01:52 [0m[0;1;36minfo [0mRestarting port forwarding
[0;1;37m21:11:52 [0m[0;1;31mwarn [0merror waiting for ready vcluster pod: context deadline exceeded
[0;1;37m21:11:52 [0m[0;1;36minfo [0mRestarting port forwarding
[0;1;37m23:42:52 [0m[0;1;31mwarn [0merror waiting for ready vcluster pod: context deadline exceeded
[0;1;37m23:42:52 [0m[0;1;36minfo [0mRestarting port forwarding
[0;1;37m03:27:07 [0m[0;1;31mwarn [0merror waiting for ready vcluster pod: context deadline exceeded
[0;1;37m03:27:07 [0m[0;1;36minfo [0mRestarting port forwarding
[0;1;37m10:08:09 [0m[0;1;31mwarn [0merror waiting for ready vcluster pod: context deadline exceeded
[0;1;37m10:08:09 [0m[0;1;36minfo [0mRestarting port forwarding
[0;1;37m13:52:08 [0m[0;1;31mwarn [0merror waiting for ready vcluster pod: context deadline exceeded
[0;1;37m13:52:08 [0m[0;1;36minfo [0mRestarting port forwarding
[0;1;37m17:27:45 [0m[0;1;31mwarn [0merror waiting for ready vcluster pod: context deadline exceeded
[0;1;37m17:27:45 [0m[0;1;36minfo [0mRestarting port forwarding
[0;1;37m21:14:35 [0m[0;1;31mwarn [0merror waiting for ready vcluster pod: context deadline exceeded
[0;1;37m21:14:35 [0m[0;1;36minfo [0mRestarting port forwarding
[0;1;37m00:46:16 [0m[0;1;31mwarn [0merror waiting for ready vcluster pod: context deadline exceeded
[0;1;37m00:46:16 [0m[0;1;36minfo [0mRestarting port forwarding
[0;1;37m04:37:13 [0m[0;1;31mwarn [0merror waiting for ready vcluster pod: context deadline exceeded
[0;1;37m04:37:13 [0m[0;1;36minfo [0mRestarting port forwarding
[0;1;37m08:14:37 [0m[0;1;31mwarn [0merror waiting for ready vcluster pod: context deadline exceeded
[0;1;37m08:14:37 [0m[0;1;36minfo [0mRestarting port forwarding
[0;1;37m11:51:24 [0m[0;1;31mwarn [0merror waiting for ready vcluster pod: context deadline exceeded
[0;1;37m11:51:24 [0m[0;1;36minfo [0mRestarting port forwarding
[0;1;37m19:20:37 [0m[0;1;31mwarn [0merror waiting for ready vcluster pod: context deadline exceeded
[0;1;37m19:20:37 [0m[0;1;36minfo [0mRestarting port forwarding
[0;1;37m22:53:20 [0m[0;1;31mwarn [0merror waiting for ready vcluster pod: context deadline exceeded
[0;1;37m22:53:20 [0m[0;1;36minfo [0mRestarting port forwarding
[0;1;37m02:40:03 [0m[0;1;31mwarn [0merror waiting for ready vcluster pod: context deadline exceeded
[0;1;37m02:40:03 [0m[0;1;36minfo [0mRestarting port forwarding
[0;1;37m06:16:29 [0m[0;1;31mwarn [0merror waiting for ready vcluster pod: context deadline exceeded
[0;1;37m06:16:29 [0m[0;1;36minfo [0mRestarting port forwarding
[0;1;37m08:18:51 [0m[0;1;31mwarn [0merror waiting for ready vcluster pod: context deadline exceeded
[0;1;37m08:18:51 [0m[0;1;36minfo [0mRestarting port forwarding
[0;1;37m08:28:51 [0m[0;1;31mwarn [0merror waiting for ready vcluster pod: context deadline exceeded
[0;1;37m08:28:51 [0m[0;1;36minfo [0mRestarting port forwarding
[0;1;37m08:38:51 [0m[0;1;31mwarn [0merror waiting for ready vcluster pod: context deadline exceeded
[0;1;37m08:38:51 [0m[0;1;36minfo [0mRestarting port forwarding
[0;1;37m08:48:51 [0m[0;1;31mwarn [0merror waiting for ready vcluster pod: context deadline exceeded
[0;1;37m08:48:51 [0m[0;1;36minfo [0mRestarting port forwarding
[0;1;37m08:58:51 [0m[0;1;31mwarn [0merror waiting for ready vcluster pod: context deadline exceeded
[0;1;37m08:58:51 [0m[0;1;36minfo [0mRestarting port forwarding
[0;1;37m09:08:51 [0m[0;1;31mwarn [0merror waiting for ready vcluster pod: context deadline exceeded
[0;1;37m09:08:51 [0m[0;1;36minfo [0mRestarting port forwarding
[0;1;37m09:18:51 [0m[0;1;31mwarn [0merror waiting for ready vcluster pod: context deadline exceeded
[0;1;37m09:18:51 [0m[0;1;36minfo [0mRestarting port forwarding
[0;1;37m09:28:51 [0m[0;1;31mwarn [0merror waiting for ready vcluster pod: context deadline exceeded
[0;1;37m09:28:51 [0m[0;1;36minfo [0mRestarting port forwarding
[0;1;37m09:38:52 [0m[0;1;31mwarn [0merror waiting for ready vcluster pod: context deadline exceeded
[0;1;37m09:38:52 [0m[0;1;36minfo [0mRestarting port forwarding
[0;1;37m09:48:52 [0m[0;1;31mwarn [0merror waiting for ready vcluster pod: context deadline exceeded
[0;1;37m09:48:52 [0m[0;1;36minfo [0mRestarting port forwarding
[0;1;37m09:58:52 [0m[0;1;31mwarn [0merror waiting for ready vcluster pod: context deadline exceeded
[0;1;37m09:58:52 [0m[0;1;36minfo [0mRestarting port forwarding
[0;1;37m10:08:52 [0m[0;1;31mwarn [0merror waiting for ready vcluster pod: context deadline exceeded
[0;1;37m10:08:52 [0m[0;1;36minfo [0mRestarting port forwarding
[0;1;37m10:18:52 [0m[0;1;31mwarn [0merror waiting for ready vcluster pod: context deadline exceeded
[0;1;37m10:18:52 [0m[0;1;36minfo [0mRestarting port forwarding
[0;1;37m10:28:52 [0m[0;1;31mwarn [0merror waiting for ready vcluster pod: context deadline exceeded
[0;1;37m10:28:52 [0m[0;1;36minfo [0mRestarting port forwarding
[0;1;37m10:38:52 [0m[0;1;31mwarn [0merror waiting for ready vcluster pod: context deadline exceeded
[0;1;37m10:38:52 [0m[0;1;36minfo [0mRestarting port forwarding
[0;1;37m10:48:52 [0m[0;1;31mwarn [0merror waiting for ready vcluster pod: context deadline exceeded
[0;1;37m10:48:52 [0m[0;1;36minfo [0mRestarting port forwarding
[0;1;37m11:47:01 [0m[0;1;31mwarn [0merror waiting for ready vcluster pod: context deadline exceeded
[0;1;37m11:47:01 [0m[0;1;36minfo [0mRestarting port forwarding
[0;1;37m11:57:01 [0m[0;1;31mwarn [0merror waiting for ready vcluster pod: context deadline exceeded
[0;1;37m11:57:01 [0m[0;1;36minfo [0mRestarting port forwarding
[0;1;37m12:07:01 [0m[0;1;31mwarn [0merror waiting for ready vcluster pod: context deadline exceeded
[0;1;37m12:07:01 [0m[0;1;36minfo [0mRestarting port forwarding
[0;1;37m12:17:01 [0m[0;1;31mwarn [0merror waiting for ready vcluster pod: context deadline exceeded
[0;1;37m12:17:01 [0m[0;1;36minfo [0mRestarting port forwarding
[0;1;37m12:27:01 [0m[0;1;31mwarn [0merror waiting for ready vcluster pod: context deadline exceeded
[0;1;37m12:27:01 [0m[0;1;36minfo [0mRestarting port forwarding
[0;1;37m12:37:01 [0m[0;1;31mwarn [0merror waiting for ready vcluster pod: context deadline exceeded
[0;1;37m12:37:01 [0m[0;1;36minfo [0mRestarting port forwarding
[0;1;37m12:47:01 [0m[0;1;31mwarn [0merror waiting for ready vcluster pod: context deadline exceeded
[0;1;37m12:47:01 [0m[0;1;36minfo [0mRestarting port forwarding
[0;1;37m12:57:01 [0m[0;1;31mwarn [0merror waiting for ready vcluster pod: context deadline exceeded
[0;1;37m12:57:01 [0m[0;1;36minfo [0mRestarting port forwarding
[0;1;37m13:07:01 [0m[0;1;31mwarn [0merror waiting for ready vcluster pod: context deadline exceeded
[0;1;37m13:07:01 [0m[0;1;36minfo [0mRestarting port forwarding
[0;1;37m13:17:01 [0m[0;1;31mwarn [0merror waiting for ready vcluster pod: context deadline exceeded
[0;1;37m13:17:01 [0m[0;1;36minfo [0mRestarting port forwarding
[0;1;37m13:27:01 [0m[0;1;31mwarn [0merror waiting for ready vcluster pod: context deadline exceeded
[0;1;37m13:27:01 [0m[0;1;36minfo [0mRestarting port forwarding
[0;1;37m13:37:01 [0m[0;1;31mwarn [0merror waiting for ready vcluster pod: context deadline exceeded
[0;1;37m13:37:01 [0m[0;1;36minfo [0mRestarting port forwarding
[0;1;37m13:47:01 [0m[0;1;31mwarn [0merror waiting for ready vcluster pod: context deadline exceeded
[0;1;37m13:47:01 [0m[0;1;36minfo [0mRestarting port forwarding
[0;1;37m13:57:01 [0m[0;1;31mwarn [0merror waiting for ready vcluster pod: context deadline exceeded
[0;1;37m13:57:01 [0m[0;1;36minfo [0mRestarting port forwarding
[0;1;37m14:07:01 [0m[0;1;31mwarn [0merror waiting for ready vcluster pod: context deadline exceeded
[0;1;37m14:07:01 [0m[0;1;36minfo [0mRestarting port forwarding
[0;1;37m14:17:01 [0m[0;1;31mwarn [0merror waiting for ready vcluster pod: context deadline exceeded
[0;1;37m14:17:01 [0m[0;1;36minfo [0mRestarting port forwarding
[0;1;37m14:27:01 [0m[0;1;31mwarn [0merror waiting for ready vcluster pod: context deadline exceeded
[0;1;37m14:27:01 [0m[0;1;36minfo [0mRestarting port forwarding
[0;1;37m14:37:01 [0m[0;1;31mwarn [0merror waiting for ready vcluster pod: context deadline exceeded
[0;1;37m14:37:01 [0m[0;1;36minfo [0mRestarting port forwarding
[0;1;37m14:47:01 [0m[0;1;31mwarn [0merror waiting for ready vcluster pod: context deadline exceeded
[0;1;37m14:47:01 [0m[0;1;36minfo [0mRestarting port forwarding
[0;1;37m14:57:01 [0m[0;1;31mwarn [0merror waiting for ready vcluster pod: context deadline exceeded
[0;1;37m14:57:01 [0m[0;1;36minfo [0mRestarting port forwarding
[0;1;37m15:07:01 [0m[0;1;31mwarn [0merror waiting for ready vcluster pod: context deadline exceeded
[0;1;37m15:07:01 [0m[0;1;36minfo [0mRestarting port forwarding
[0;1;37m15:17:01 [0m[0;1;31mwarn [0merror waiting for ready vcluster pod: context deadline exceeded
[0;1;37m15:17:01 [0m[0;1;36minfo [0mRestarting port forwarding
[0;1;37m15:27:01 [0m[0;1;31mwarn [0merror waiting for ready vcluster pod: context deadline exceeded
[0;1;37m15:27:01 [0m[0;1;36minfo [0mRestarting port forwarding
[0;1;37m15:37:01 [0m[0;1;31mwarn [0merror waiting for ready vcluster pod: context deadline exceeded
[0;1;37m15:37:01 [0m[0;1;36minfo [0mRestarting port forwarding
[0;1;37m16:53:53 [0m[0;1;31mwarn [0merror waiting for ready vcluster pod: context deadline exceeded
[0;1;37m16:53:53 [0m[0;1;36minfo [0mRestarting port forwarding
[0;1;37m20:41:24 [0m[0;1;31mwarn [0merror waiting for ready vcluster pod: context deadline exceeded
[0;1;37m20:41:24 [0m[0;1;36minfo [0mRestarting port forwarding
[0;1;37m00:18:02 [0m[0;1;31mwarn [0merror waiting for ready vcluster pod: context deadline exceeded
[0;1;37m00:18:02 [0m[0;1;36minfo [0mRestarting port forwarding
[0;1;37m03:32:51 [0m[0;1;31mwarn [0merror waiting for ready vcluster pod: context deadline exceeded
[0;1;37m03:32:51 [0m[0;1;36minfo [0mRestarting port forwarding
[0;1;37m07:13:54 [0m[0;1;31mwarn [0merror waiting for ready vcluster pod: context deadline exceeded
[0;1;37m07:13:54 [0m[0;1;36minfo [0mRestarting port forwarding
[0;1;37m08:18:17 [0m[0;1;31mwarn [0merror waiting for ready vcluster pod: context deadline exceeded
[0;1;37m08:18:17 [0m[0;1;36minfo [0mRestarting port forwarding
[0;1;37m08:28:17 [0m[0;1;31mwarn [0merror waiting for ready vcluster pod: context deadline exceeded
[0;1;37m08:28:17 [0m[0;1;36minfo [0mRestarting port forwarding
[0;1;37m08:38:17 [0m[0;1;31mwarn [0merror waiting for ready vcluster pod: context deadline exceeded
[0;1;37m08:38:17 [0m[0;1;36minfo [0mRestarting port forwarding
[0;1;37m08:48:17 [0m[0;1;31mwarn [0merror waiting for ready vcluster pod: context deadline exceeded
[0;1;37m08:48:17 [0m[0;1;36minfo [0mRestarting port forwarding
[0;1;37m08:58:17 [0m[0;1;31mwarn [0merror waiting for ready vcluster pod: context deadline exceeded
[0;1;37m08:58:17 [0m[0;1;36minfo [0mRestarting port forwarding
[0;1;37m09:08:17 [0m[0;1;31mwarn [0merror waiting for ready vcluster pod: context deadline exceeded
[0;1;37m09:08:17 [0m[0;1;36minfo [0mRestarting port forwarding
[0;1;37m09:18:18 [0m[0;1;31mwarn [0merror waiting for ready vcluster pod: context deadline exceeded
[0;1;37m09:18:18 [0m[0;1;36minfo [0mRestarting port forwarding
[0;1;37m09:28:18 [0m[0;1;31mwarn [0merror waiting for ready vcluster pod: context deadline exceeded
[0;1;37m09:28:18 [0m[0;1;36minfo [0mRestarting port forwarding
[0;1;37m09:38:18 [0m[0;1;31mwarn [0merror waiting for ready vcluster pod: context deadline exceeded
[0;1;37m09:38:18 [0m[0;1;36minfo [0mRestarting port forwarding
[0;1;37m09:48:18 [0m[0;1;31mwarn [0merror waiting for ready vcluster pod: context deadline exceeded
[0;1;37m09:48:18 [0m[0;1;36minfo [0mRestarting port forwarding
[0;1;37m09:58:18 [0m[0;1;31mwarn [0merror waiting for ready vcluster pod: context deadline exceeded
[0;1;37m09:58:18 [0m[0;1;36minfo [0mRestarting port forwarding
[0;1;37m10:08:18 [0m[0;1;31mwarn [0merror waiting for ready vcluster pod: context deadline exceeded
[0;1;37m10:08:18 [0m[0;1;36minfo [0mRestarting port forwarding
[0;1;37m10:18:18 [0m[0;1;31mwarn [0merror waiting for ready vcluster pod: context deadline exceeded
[0;1;37m10:18:18 [0m[0;1;36minfo [0mRestarting port forwarding
[0;1;37m10:28:18 [0m[0;1;31mwarn [0merror waiting for ready vcluster pod: context deadline exceeded
[0;1;37m10:28:18 [0m[0;1;36minfo [0mRestarting port forwarding
[0;1;37m10:38:18 [0m[0;1;31mwarn [0merror waiting for ready vcluster pod: context deadline exceeded
[0;1;37m10:38:18 [0m[0;1;36minfo [0mRestarting port forwarding
[0;1;37m10:48:18 [0m[0;1;31mwarn [0merror waiting for ready vcluster pod: context deadline exceeded
[0;1;37m10:48:18 [0m[0;1;36minfo [0mRestarting port forwarding
[0;1;37m10:58:18 [0m[0;1;31mwarn [0merror waiting for ready vcluster pod: context deadline exceeded
[0;1;37m10:58:18 [0m[0;1;36minfo [0mRestarting port forwarding
[0;1;37m11:08:18 [0m[0;1;31mwarn [0merror waiting for ready vcluster pod: context deadline exceeded
[0;1;37m11:08:18 [0m[0;1;36minfo [0mRestarting port forwarding
[0;1;37m11:18:18 [0m[0;1;31mwarn [0merror waiting for ready vcluster pod: context deadline exceeded
[0;1;37m11:18:18 [0m[0;1;36minfo [0mRestarting port forwarding
[0;1;37m11:28:18 [0m[0;1;31mwarn [0merror waiting for ready vcluster pod: context deadline exceeded
[0;1;37m11:28:18 [0m[0;1;36minfo [0mRestarting port forwarding
[0;1;37m11:38:18 [0m[0;1;31mwarn [0merror waiting for ready vcluster pod: context deadline exceeded
[0;1;37m11:38:18 [0m[0;1;36minfo [0mRestarting port forwarding
[0;1;37m11:48:18 [0m[0;1;31mwarn [0merror waiting for ready vcluster pod: context deadline exceeded
[0;1;37m11:48:18 [0m[0;1;36minfo [0mRestarting port forwarding
[0;1;37m12:14:26 [0m[0;1;31mwarn [0merror waiting for ready vcluster pod: context deadline exceeded
[0;1;37m12:14:27 [0m[0;1;36minfo [0mRestarting port forwarding
[0;1;37m12:39:01 [0m[0;1;31mwarn [0merror waiting for ready vcluster pod: context deadline exceeded
[0;1;37m12:39:01 [0m[0;1;36minfo [0mRestarting port forwarding
[0;1;37m12:49:01 [0m[0;1;31mwarn [0merror waiting for ready vcluster pod: context deadline exceeded
[0;1;37m12:49:01 [0m[0;1;36minfo [0mRestarting port forwarding
[0;1;37m12:59:01 [0m[0;1;31mwarn [0merror waiting for ready vcluster pod: context deadline exceeded
[0;1;37m12:59:01 [0m[0;1;36minfo [0mRestarting port forwarding
[0;1;37m13:09:01 [0m[0;1;31mwarn [0merror waiting for ready vcluster pod: context deadline exceeded
[0;1;37m13:09:01 [0m[0;1;36minfo [0mRestarting port forwarding
[0;1;37m13:19:01 [0m[0;1;31mwarn [0merror waiting for ready vcluster pod: context deadline exceeded
[0;1;37m13:19:01 [0m[0;1;36minfo [0mRestarting port forwarding
[0;1;37m14:05:45 [0m[0;1;31mwarn [0merror waiting for ready vcluster pod: context deadline exceeded
[0;1;37m14:05:45 [0m[0;1;36minfo [0mRestarting port forwarding
[0;1;37m14:15:45 [0m[0;1;31mwarn [0merror waiting for ready vcluster pod: context deadline exceeded
[0;1;37m14:15:45 [0m[0;1;36minfo [0mRestarting port forwarding
[0;1;37m14:25:45 [0m[0;1;31mwarn [0merror waiting for ready vcluster pod: context deadline exceeded
[0;1;37m14:25:45 [0m[0;1;36minfo [0mRestarting port forwarding
[0;1;37m14:35:45 [0m[0;1;31mwarn [0merror waiting for ready vcluster pod: context deadline exceeded
[0;1;37m14:35:45 [0m[0;1;36minfo [0mRestarting port forwarding
[0;1;37m14:45:45 [0m[0;1;31mwarn [0merror waiting for ready vcluster pod: context deadline exceeded
[0;1;37m14:45:45 [0m[0;1;36minfo [0mRestarting port forwarding
[0;1;37m14:55:45 [0m[0;1;31mwarn [0merror waiting for ready vcluster pod: context deadline exceeded
[0;1;37m14:55:45 [0m[0;1;36minfo [0mRestarting port forwarding
[0;1;37m15:05:45 [0m[0;1;31mwarn [0merror waiting for ready vcluster pod: context deadline exceeded
[0;1;37m15:05:45 [0m[0;1;36minfo [0mRestarting port forwarding
[0;1;37m15:15:45 [0m[0;1;31mwarn [0merror waiting for ready vcluster pod: context deadline exceeded
[0;1;37m15:15:45 [0m[0;1;36minfo [0mRestarting port forwarding
[0;1;37m15:25:45 [0m[0;1;31mwarn [0merror waiting for ready vcluster pod: context deadline exceeded
[0;1;37m15:25:45 [0m[0;1;36minfo [0mRestarting port forwarding
[0;1;37m15:35:45 [0m[0;1;31mwarn [0merror waiting for ready vcluster pod: context deadline exceeded
[0;1;37m15:35:45 [0m[0;1;36minfo [0mRestarting port forwarding
[0;1;37m15:45:45 [0m[0;1;31mwarn [0merror waiting for ready vcluster pod: context deadline exceeded
[0;1;37m15:45:45 [0m[0;1;36minfo [0mRestarting port forwarding
[0;1;37m15:55:45 [0m[0;1;31mwarn [0merror waiting for ready vcluster pod: context deadline exceeded
[0;1;37m15:55:45 [0m[0;1;36minfo [0mRestarting port forwarding
[0;1;37m16:05:45 [0m[0;1;31mwarn [0merror waiting for ready vcluster pod: context deadline exceeded
[0;1;37m16:05:45 [0m[0;1;36minfo [0mRestarting port forwarding
[0;1;37m16:15:45 [0m[0;1;31mwarn [0merror waiting for ready vcluster pod: context deadline exceeded
[0;1;37m16:15:45 [0m[0;1;36minfo [0mRestarting port forwarding
[0;1;37m16:25:45 [0m[0;1;31mwarn [0merror waiting for ready vcluster pod: context deadline exceeded
[0;1;37m16:25:45 [0m[0;1;36minfo [0mRestarting port forwarding
[0;1;37m16:35:44 [0m[0;1;31mwarn [0merror waiting for ready vcluster pod: context deadline exceeded
[0;1;37m16:35:44 [0m[0;1;36minfo [0mRestarting port forwarding
[0;1;37m16:45:44 [0m[0;1;31mwarn [0merror waiting for ready vcluster pod: context deadline exceeded
[0;1;37m16:45:44 [0m[0;1;36minfo [0mRestarting port forwarding
[0;1;37m16:55:44 [0m[0;1;31mwarn [0merror waiting for ready vcluster pod: context deadline exceeded
[0;1;37m16:55:44 [0m[0;1;36minfo [0mRestarting port forwarding
[0;1;37m17:34:36 [0m[0;1;31mwarn [0merror waiting for ready vcluster pod: context deadline exceeded
[0;1;37m17:34:36 [0m[0;1;36minfo [0mRestarting port forwarding
[0;1;37m17:44:36 [0m[0;1;31mwarn [0merror waiting for ready vcluster pod: context deadline exceeded
[0;1;37m17:44:36 [0m[0;1;36minfo [0mRestarting port forwarding
[0;1;37m17:54:36 [0m[0;1;31mwarn [0merror waiting for ready vcluster pod: context deadline exceeded
[0;1;37m17:54:36 [0m[0;1;36minfo [0mRestarting port forwarding
[0;1;37m18:04:36 [0m[0;1;31mwarn [0merror waiting for ready vcluster pod: context deadline exceeded
[0;1;37m18:04:36 [0m[0;1;36minfo [0mRestarting port forwarding
[0;1;37m18:14:36 [0m[0;1;31mwarn [0merror waiting for ready vcluster pod: context deadline exceeded
[0;1;37m18:14:36 [0m[0;1;36minfo [0mRestarting port forwarding
[0;1;37m18:24:36 [0m[0;1;31mwarn [0merror waiting for ready vcluster pod: context deadline exceeded
[0;1;37m18:24:36 [0m[0;1;36minfo [0mRestarting port forwarding
[0;1;37m18:34:36 [0m[0;1;31mwarn [0merror waiting for ready vcluster pod: context deadline exceeded
[0;1;37m18:34:36 [0m[0;1;36minfo [0mRestarting port forwarding
[0;1;37m18:45:47 [0m[0;1;31mwarn [0merror waiting for ready vcluster pod: context deadline exceeded
[0;1;37m18:45:47 [0m[0;1;36minfo [0mRestarting port forwarding
[0;1;37m19:11:19 [0m[0;1;31mwarn [0merror waiting for ready vcluster pod: context deadline exceeded
[0;1;37m19:11:19 [0m[0;1;36minfo [0mRestarting port forwarding
[0;1;37m19:21:19 [0m[0;1;31mwarn [0merror waiting for ready vcluster pod: context deadline exceeded
[0;1;37m19:21:19 [0m[0;1;36minfo [0mRestarting port forwarding
[0;1;37m19:31:19 [0m[0;1;31mwarn [0merror waiting for ready vcluster pod: context deadline exceeded
[0;1;37m19:31:19 [0m[0;1;36minfo [0mRestarting port forwarding
[0;1;37m19:41:19 [0m[0;1;31mwarn [0merror waiting for ready vcluster pod: context deadline exceeded
[0;1;37m19:41:19 [0m[0;1;36minfo [0mRestarting port forwarding
[0;1;37m19:51:19 [0m[0;1;31mwarn [0merror waiting for ready vcluster pod: context deadline exceeded
[0;1;37m19:51:19 [0m[0;1;36minfo [0mRestarting port forwarding
[0;1;37m20:01:19 [0m[0;1;31mwarn [0merror waiting for ready vcluster pod: context deadline exceeded
[0;1;37m20:01:19 [0m[0;1;36minfo [0mRestarting port forwarding
[0;1;37m20:35:42 [0m[0;1;31mwarn [0merror waiting for ready vcluster pod: context deadline exceeded
[0;1;37m20:35:42 [0m[0;1;36minfo [0mRestarting port forwarding
[0;1;37m20:45:42 [0m[0;1;31mwarn [0merror waiting for ready vcluster pod: context deadline exceeded
[0;1;37m20:45:42 [0m[0;1;36minfo [0mRestarting port forwarding
[0;1;37m20:55:42 [0m[0;1;31mwarn [0merror waiting for ready vcluster pod: context deadline exceeded
[0;1;37m20:55:42 [0m[0;1;36minfo [0mRestarting port forwarding
[0;1;37m21:05:42 [0m[0;1;31mwarn [0merror waiting for ready vcluster pod: context deadline exceeded
[0;1;37m21:05:42 [0m[0;1;36minfo [0mRestarting port forwarding
[0;1;37m21:15:42 [0m[0;1;31mwarn [0merror waiting for ready vcluster pod: context deadline exceeded
[0;1;37m21:15:42 [0m[0;1;36minfo [0mRestarting port forwarding
[0;1;37m21:25:42 [0m[0;1;31mwarn [0merror waiting for ready vcluster pod: context deadline exceeded
[0;1;37m21:25:42 [0m[0;1;36minfo [0mRestarting port forwarding
[0;1;37m21:51:12 [0m[0;1;31mwarn [0merror waiting for ready vcluster pod: context deadline exceeded
[0;1;37m21:51:12 [0m[0;1;36minfo [0mRestarting port forwarding
[0;1;37m22:01:12 [0m[0;1;31mwarn [0merror waiting for ready vcluster pod: context deadline exceeded
[0;1;37m22:01:12 [0m[0;1;36minfo [0mRestarting port forwarding
[0;1;37m22:11:12 [0m[0;1;31mwarn [0merror waiting for ready vcluster pod: context deadline exceeded
[0;1;37m22:11:12 [0m[0;1;36minfo [0mRestarting port forwarding
[0;1;37m22:21:12 [0m[0;1;31mwarn [0merror waiting for ready vcluster pod: context deadline exceeded
[0;1;37m22:21:12 [0m[0;1;36minfo [0mRestarting port forwarding
[0;1;37m22:31:12 [0m[0;1;31mwarn [0merror waiting for ready vcluster pod: context deadline exceeded
[0;1;37m22:31:12 [0m[0;1;36minfo [0mRestarting port forwarding
[0;1;37m22:41:12 [0m[0;1;31mwarn [0merror waiting for ready vcluster pod: context deadline exceeded
[0;1;37m22:41:12 [0m[0;1;36minfo [0mRestarting port forwarding
[0;1;37m23:15:08 [0m[0;1;31mwarn [0merror waiting for ready vcluster pod: context deadline exceeded
[0;1;37m23:15:08 [0m[0;1;36minfo [0mRestarting port forwarding
[0;1;37m23:25:08 [0m[0;1;31mwarn [0merror waiting for ready vcluster pod: context deadline exceeded
[0;1;37m23:25:08 [0m[0;1;36minfo [0mRestarting port forwarding
[0;1;37m23:35:08 [0m[0;1;31mwarn [0merror waiting for ready vcluster pod: context deadline exceeded
[0;1;37m23:35:08 [0m[0;1;36minfo [0mRestarting port forwarding
[0;1;37m23:45:08 [0m[0;1;31mwarn [0merror waiting for ready vcluster pod: context deadline exceeded
[0;1;37m23:45:08 [0m[0;1;36minfo [0mRestarting port forwarding
[0;1;37m23:55:08 [0m[0;1;31mwarn [0merror waiting for ready vcluster pod: context deadline exceeded
[0;1;37m23:55:08 [0m[0;1;36minfo [0mRestarting port forwarding
[0;1;37m00:05:08 [0m[0;1;31mwarn [0merror waiting for ready vcluster pod: context deadline exceeded
[0;1;37m00:05:08 [0m[0;1;36minfo [0mRestarting port forwarding
[0;1;37m00:44:59 [0m[0;1;31mwarn [0merror waiting for ready vcluster pod: context deadline exceeded
[0;1;37m00:44:59 [0m[0;1;36minfo [0mRestarting port forwarding
[0;1;37m01:18:28 [0m[0;1;31mwarn [0merror waiting for ready vcluster pod: context deadline exceeded
[0;1;37m01:18:28 [0m[0;1;36minfo [0mRestarting port forwarding
[0;1;37m01:28:28 [0m[0;1;31mwarn [0merror waiting for ready vcluster pod: context deadline exceeded
[0;1;37m01:28:28 [0m[0;1;36minfo [0mRestarting port forwarding
[0;1;37m01:38:28 [0m[0;1;31mwarn [0merror waiting for ready vcluster pod: context deadline exceeded
[0;1;37m01:38:28 [0m[0;1;36minfo [0mRestarting port forwarding
[0;1;37m01:48:28 [0m[0;1;31mwarn [0merror waiting for ready vcluster pod: context deadline exceeded
[0;1;37m01:48:28 [0m[0;1;36minfo [0mRestarting port forwarding
[0;1;37m01:58:28 [0m[0;1;31mwarn [0merror waiting for ready vcluster pod: context deadline exceeded
[0;1;37m01:58:28 [0m[0;1;36minfo [0mRestarting port forwarding
[0;1;37m02:08:28 [0m[0;1;31mwarn [0merror waiting for ready vcluster pod: context deadline exceeded
[0;1;37m02:08:28 [0m[0;1;36minfo [0mRestarting port forwarding
[0;1;37m03:07:47 [0m[0;1;31mwarn [0merror waiting for ready vcluster pod: context deadline exceeded
[0;1;37m03:07:47 [0m[0;1;36minfo [0mRestarting port forwarding
[0;1;37m03:17:47 [0m[0;1;31mwarn [0merror waiting for ready vcluster pod: context deadline exceeded
[0;1;37m03:17:47 [0m[0;1;36minfo [0mRestarting port forwarding
[0;1;37m03:27:47 [0m[0;1;31mwarn [0merror waiting for ready vcluster pod: context deadline exceeded
[0;1;37m03:27:47 [0m[0;1;36minfo [0mRestarting port forwarding
[0;1;37m03:37:47 [0m[0;1;31mwarn [0merror waiting for ready vcluster pod: context deadline exceeded
[0;1;37m03:37:47 [0m[0;1;36minfo [0mRestarting port forwarding
[0;1;37m03:47:47 [0m[0;1;31mwarn [0merror waiting for ready vcluster pod: context deadline exceeded
[0;1;37m03:47:47 [0m[0;1;36minfo [0mRestarting port forwarding
[0;1;37m03:57:47 [0m[0;1;31mwarn [0merror waiting for ready vcluster pod: context deadline exceeded
[0;1;37m03:57:47 [0m[0;1;36minfo [0mRestarting port forwarding
[0;1;37m04:16:10 [0m[0;1;31mwarn [0merror waiting for ready vcluster pod: context deadline exceeded
[0;1;37m04:16:10 [0m[0;1;36minfo [0mRestarting port forwarding
[0;1;37m04:42:31 [0m[0;1;31mwarn [0merror waiting for ready vcluster pod: context deadline exceeded
[0;1;37m04:42:31 [0m[0;1;36minfo [0mRestarting port forwarding
[0;1;37m04:52:31 [0m[0;1;31mwarn [0merror waiting for ready vcluster pod: context deadline exceeded
[0;1;37m04:52:31 [0m[0;1;36minfo [0mRestarting port forwarding
[0;1;37m05:02:31 [0m[0;1;31mwarn [0merror waiting for ready vcluster pod: context deadline exceeded
[0;1;37m05:02:31 [0m[0;1;36minfo [0mRestarting port forwarding
[0;1;37m05:12:31 [0m[0;1;31mwarn [0merror waiting for ready vcluster pod: context deadline exceeded
[0;1;37m05:12:31 [0m[0;1;36minfo [0mRestarting port forwarding
[0;1;37m05:22:31 [0m[0;1;31mwarn [0merror waiting for ready vcluster pod: context deadline exceeded
[0;1;37m05:22:31 [0m[0;1;36minfo [0mRestarting port forwarding
[0;1;37m05:32:31 [0m[0;1;31mwarn [0merror waiting for ready vcluster pod: context deadline exceeded
[0;1;37m05:32:31 [0m[0;1;36minfo [0mRestarting port forwarding
[0;1;37m06:10:38 [0m[0;1;31mwarn [0merror waiting for ready vcluster pod: context deadline exceeded
[0;1;37m06:10:38 [0m[0;1;36minfo [0mRestarting port forwarding
[0;1;37m06:25:53 [0m[0;1;31mwarn [0merror waiting for ready vcluster pod: context deadline exceeded
[0;1;37m06:25:53 [0m[0;1;36minfo [0mRestarting port forwarding
[0;1;37m06:35:53 [0m[0;1;31mwarn [0merror waiting for ready vcluster pod: context deadline exceeded
[0;1;37m06:35:53 [0m[0;1;36minfo [0mRestarting port forwarding
[0;1;37m06:45:53 [0m[0;1;31mwarn [0merror waiting for ready vcluster pod: context deadline exceeded
[0;1;37m06:45:53 [0m[0;1;36minfo [0mRestarting port forwarding
[0;1;37m06:55:53 [0m[0;1;31mwarn [0merror waiting for ready vcluster pod: context deadline exceeded
[0;1;37m06:55:53 [0m[0;1;36minfo [0mRestarting port forwarding
[0;1;37m07:05:53 [0m[0;1;31mwarn [0merror waiting for ready vcluster pod: context deadline exceeded
[0;1;37m07:05:53 [0m[0;1;36minfo [0mRestarting port forwarding
[0;1;37m07:15:53 [0m[0;1;31mwarn [0merror waiting for ready vcluster pod: context deadline exceeded
[0;1;37m07:15:53 [0m[0;1;36minfo [0mRestarting port forwarding
[0;1;37m08:06:23 [0m[0;1;31mwarn [0merror waiting for ready vcluster pod: context deadline exceeded
[0;1;37m08:06:23 [0m[0;1;36minfo [0mRestarting port forwarding
[0;1;37m08:16:23 [0m[0;1;31mwarn [0merror waiting for ready vcluster pod: context deadline exceeded
[0;1;37m08:16:23 [0m[0;1;36minfo [0mRestarting port forwarding
[0;1;37m08:26:23 [0m[0;1;31mwarn [0merror waiting for ready vcluster pod: context deadline exceeded
[0;1;37m08:26:23 [0m[0;1;36minfo [0mRestarting port forwarding
[0;1;37m08:36:23 [0m[0;1;31mwarn [0merror waiting for ready vcluster pod: context deadline exceeded
[0;1;37m08:36:23 [0m[0;1;36minfo [0mRestarting port forwarding
[0;1;37m08:46:23 [0m[0;1;31mwarn [0merror waiting for ready vcluster pod: context deadline exceeded
[0;1;37m08:46:23 [0m[0;1;36minfo [0mRestarting port forwarding
[0;1;37m08:56:23 [0m[0;1;31mwarn [0merror waiting for ready vcluster pod: context deadline exceeded
[0;1;37m08:56:23 [0m[0;1;36minfo [0mRestarting port forwarding
[0;1;37m09:06:23 [0m[0;1;31mwarn [0merror waiting for ready vcluster pod: context deadline exceeded
[0;1;37m09:06:23 [0m[0;1;36minfo [0mRestarting port forwarding
[0;1;37m09:16:23 [0m[0;1;31mwarn [0merror waiting for ready vcluster pod: context deadline exceeded
[0;1;37m09:16:23 [0m[0;1;36minfo [0mRestarting port forwarding
[0;1;37m09:26:23 [0m[0;1;31mwarn [0merror waiting for ready vcluster pod: context deadline exceeded
[0;1;37m09:26:23 [0m[0;1;36minfo [0mRestarting port forwarding
[0;1;37m09:36:23 [0m[0;1;31mwarn [0merror waiting for ready vcluster pod: context deadline exceeded
[0;1;37m09:36:23 [0m[0;1;36minfo [0mRestarting port forwarding
[0;1;37m09:46:23 [0m[0;1;31mwarn [0merror waiting for ready vcluster pod: context deadline exceeded
[0;1;37m09:46:23 [0m[0;1;36minfo [0mRestarting port forwarding
[0;1;37m09:56:23 [0m[0;1;31mwarn [0merror waiting for ready vcluster pod: context deadline exceeded
[0;1;37m09:56:23 [0m[0;1;36minfo [0mRestarting port forwarding
[0;1;37m10:06:23 [0m[0;1;31mwarn [0merror waiting for ready vcluster pod: context deadline exceeded
[0;1;37m10:06:23 [0m[0;1;36minfo [0mRestarting port forwarding
[0;1;37m10:16:23 [0m[0;1;31mwarn [0merror waiting for ready vcluster pod: context deadline exceeded
[0;1;37m10:16:23 [0m[0;1;36minfo [0mRestarting port forwarding
[0;1;37m10:26:23 [0m[0;1;31mwarn [0merror waiting for ready vcluster pod: context deadline exceeded
[0;1;37m10:26:23 [0m[0;1;36minfo [0mRestarting port forwarding
[0;1;37m10:36:23 [0m[0;1;31mwarn [0merror waiting for ready vcluster pod: context deadline exceeded
[0;1;37m10:36:23 [0m[0;1;36minfo [0mRestarting port forwarding
[0;1;37m10:46:23 [0m[0;1;31mwarn [0merror waiting for ready vcluster pod: context deadline exceeded
[0;1;37m10:46:23 [0m[0;1;36minfo [0mRestarting port forwarding
[0;1;37m10:56:23 [0m[0;1;31mwarn [0merror waiting for ready vcluster pod: context deadline exceeded
[0;1;37m10:56:23 [0m[0;1;36minfo [0mRestarting port forwarding
[0;1;37m11:06:23 [0m[0;1;31mwarn [0merror waiting for ready vcluster pod: context deadline exceeded
[0;1;37m11:06:23 [0m[0;1;36minfo [0mRestarting port forwarding
[0;1;37m11:16:23 [0m[0;1;31mwarn [0merror waiting for ready vcluster pod: context deadline exceeded
[0;1;37m11:16:23 [0m[0;1;36minfo [0mRestarting port forwarding
[0;1;37m11:26:23 [0m[0;1;31mwarn [0merror waiting for ready vcluster pod: context deadline exceeded
[0;1;37m11:26:23 [0m[0;1;36minfo [0mRestarting port forwarding
[0;1;37m11:36:23 [0m[0;1;31mwarn [0merror waiting for ready vcluster pod: context deadline exceeded
[0;1;37m11:36:23 [0m[0;1;36minfo [0mRestarting port forwarding
[0;1;37m12:09:55 [0m[0;1;31mwarn [0merror waiting for ready vcluster pod: context deadline exceeded
[0;1;37m12:09:55 [0m[0;1;36minfo [0mRestarting port forwarding
[0;1;37m12:19:55 [0m[0;1;31mwarn [0merror waiting for ready vcluster pod: context deadline exceeded
[0;1;37m12:19:55 [0m[0;1;36minfo [0mRestarting port forwarding
[0;1;37m12:29:55 [0m[0;1;31mwarn [0merror waiting for ready vcluster pod: context deadline exceeded
[0;1;37m12:29:55 [0m[0;1;36minfo [0mRestarting port forwarding
[0;1;37m12:39:55 [0m[0;1;31mwarn [0merror waiting for ready vcluster pod: context deadline exceeded
[0;1;37m12:39:55 [0m[0;1;36minfo [0mRestarting port forwarding
[0;1;37m12:49:55 [0m[0;1;31mwarn [0merror waiting for ready vcluster pod: context deadline exceeded
[0;1;37m12:49:55 [0m[0;1;36minfo [0mRestarting port forwarding
[0;1;37m12:59:55 [0m[0;1;31mwarn [0merror waiting for ready vcluster pod: context deadline exceeded
[0;1;37m12:59:55 [0m[0;1;36minfo [0mRestarting port forwarding
[0;1;37m13:09:55 [0m[0;1;31mwarn [0merror waiting for ready vcluster pod: context deadline exceeded
[0;1;37m13:09:55 [0m[0;1;36minfo [0mRestarting port forwarding
[0;1;37m13:19:55 [0m[0;1;31mwarn [0merror waiting for ready vcluster pod: context deadline exceeded
[0;1;37m13:19:55 [0m[0;1;36minfo [0mRestarting port forwarding
[0;1;37m13:29:55 [0m[0;1;31mwarn [0merror waiting for ready vcluster pod: context deadline exceeded
[0;1;37m13:29:55 [0m[0;1;36minfo [0mRestarting port forwarding
[0;1;37m13:39:55 [0m[0;1;31mwarn [0merror waiting for ready vcluster pod: context deadline exceeded
[0;1;37m13:39:55 [0m[0;1;36minfo [0mRestarting port forwarding
[0;1;37m13:49:55 [0m[0;1;31mwarn [0merror waiting for ready vcluster pod: context deadline exceeded
[0;1;37m13:49:55 [0m[0;1;36minfo [0mRestarting port forwarding
[0;1;37m13:59:55 [0m[0;1;31mwarn [0merror waiting for ready vcluster pod: context deadline exceeded
[0;1;37m13:59:55 [0m[0;1;36minfo [0mRestarting port forwarding
[0;1;37m14:09:55 [0m[0;1;31mwarn [0merror waiting for ready vcluster pod: context deadline exceeded
[0;1;37m14:09:55 [0m[0;1;36minfo [0mRestarting port forwarding
[0;1;37m14:19:55 [0m[0;1;31mwarn [0merror waiting for ready vcluster pod: context deadline exceeded
[0;1;37m14:19:55 [0m[0;1;36minfo [0mRestarting port forwarding
[0;1;37m14:29:55 [0m[0;1;31mwarn [0merror waiting for ready vcluster pod: context deadline exceeded
[0;1;37m14:29:55 [0m[0;1;36minfo [0mRestarting port forwarding
[0;1;37m14:39:56 [0m[0;1;31mwarn [0merror waiting for ready vcluster pod: context deadline exceeded
[0;1;37m14:39:56 [0m[0;1;36minfo [0mRestarting port forwarding
[0;1;37m14:49:56 [0m[0;1;31mwarn [0merror waiting for ready vcluster pod: context deadline exceeded
[0;1;37m14:49:56 [0m[0;1;36minfo [0mRestarting port forwarding
[0;1;37m14:59:56 [0m[0;1;31mwarn [0merror waiting for ready vcluster pod: context deadline exceeded
[0;1;37m14:59:56 [0m[0;1;36minfo [0mRestarting port forwarding
[0;1;37m15:09:56 [0m[0;1;31mwarn [0merror waiting for ready vcluster pod: context deadline exceeded
[0;1;37m15:09:56 [0m[0;1;36minfo [0mRestarting port forwarding
[0;1;37m15:23:18 [0m[0;1;31mwarn [0merror waiting for ready vcluster pod: context deadline exceeded
[0;1;37m15:23:18 [0m[0;1;36minfo [0mRestarting port forwarding
[0;1;37m16:43:46 [0m[0;1;31mwarn [0merror waiting for ready vcluster pod: context deadline exceeded
[0;1;37m16:43:46 [0m[0;1;36minfo [0mRestarting port forwarding
[0;1;37m16:53:46 [0m[0;1;31mwarn [0merror waiting for ready vcluster pod: context deadline exceeded
[0;1;37m16:53:46 [0m[0;1;36minfo [0mRestarting port forwarding
[0;1;37m17:03:46 [0m[0;1;31mwarn [0merror waiting for ready vcluster pod: context deadline exceeded
[0;1;37m17:03:46 [0m[0;1;36minfo [0mRestarting port forwarding
[0;1;37m17:13:46 [0m[0;1;31mwarn [0merror waiting for ready vcluster pod: context deadline exceeded
[0;1;37m17:13:46 [0m[0;1;36minfo [0mRestarting port forwarding
[0;1;37m17:23:46 [0m[0;1;31mwarn [0merror waiting for ready vcluster pod: context deadline exceeded
[0;1;37m17:23:46 [0m[0;1;36minfo [0mRestarting port forwarding
[0;1;37m17:33:46 [0m[0;1;31mwarn [0merror waiting for ready vcluster pod: context deadline exceeded
[0;1;37m17:33:46 [0m[0;1;36minfo [0mRestarting port forwarding
[0;1;37m17:52:11 [0m[0;1;31mwarn [0merror waiting for ready vcluster pod: context deadline exceeded
[0;1;37m17:52:11 [0m[0;1;36minfo [0mRestarting port forwarding
[0;1;37m18:02:11 [0m[0;1;31mwarn [0merror waiting for ready vcluster pod: context deadline exceeded
[0;1;37m18:02:11 [0m[0;1;36minfo [0mRestarting port forwarding
[0;1;37m18:12:11 [0m[0;1;31mwarn [0merror waiting for ready vcluster pod: context deadline exceeded
[0;1;37m18:12:11 [0m[0;1;36minfo [0mRestarting port forwarding
[0;1;37m18:22:11 [0m[0;1;31mwarn [0merror waiting for ready vcluster pod: context deadline exceeded
[0;1;37m18:22:11 [0m[0;1;36minfo [0mRestarting port forwarding
[0;1;37m18:32:11 [0m[0;1;31mwarn [0merror waiting for ready vcluster pod: context deadline exceeded
[0;1;37m18:32:11 [0m[0;1;36minfo [0mRestarting port forwarding
[0;1;37m18:42:11 [0m[0;1;31mwarn [0merror waiting for ready vcluster pod: context deadline exceeded
[0;1;37m18:42:11 [0m[0;1;36minfo [0mRestarting port forwarding
[0;1;37m18:52:11 [0m[0;1;31mwarn [0merror waiting for ready vcluster pod: context deadline exceeded
[0;1;37m18:52:11 [0m[0;1;36minfo [0mRestarting port forwarding
[0;1;37m19:44:26 [0m[0;1;31mwarn [0merror waiting for ready vcluster pod: context deadline exceeded
[0;1;37m19:44:26 [0m[0;1;36minfo [0mRestarting port forwarding
[0;1;37m19:54:26 [0m[0;1;31mwarn [0merror waiting for ready vcluster pod: context deadline exceeded
[0;1;37m19:54:26 [0m[0;1;36minfo [0mRestarting port forwarding
[0;1;37m20:51:15 [0m[0;1;31mwarn [0merror waiting for ready vcluster pod: context deadline exceeded
[0;1;37m20:51:15 [0m[0;1;36minfo [0mRestarting port forwarding
[0;1;37m22:16:35 [0m[0;1;31mwarn [0merror waiting for ready vcluster pod: context deadline exceeded
[0;1;37m22:16:35 [0m[0;1;36minfo [0mRestarting port forwarding
[0;1;37m09:22:29 [0m[0;1;31mwarn [0merror waiting for ready vcluster pod: context deadline exceeded
[0;1;37m09:22:29 [0m[0;1;36minfo [0mRestarting port forwarding
[0;1;37m14:27:47 [0m[0;1;31mwarn [0merror waiting for ready vcluster pod: context deadline exceeded
[0;1;37m14:27:47 [0m[0;1;36minfo [0mRestarting port forwarding
[0;1;37m14:37:47 [0m[0;1;31mwarn [0merror waiting for ready vcluster pod: context deadline exceeded
[0;1;37m14:37:47 [0m[0;1;36minfo [0mRestarting port forwarding
[0;1;37m14:47:47 [0m[0;1;31mwarn [0merror waiting for ready vcluster pod: context deadline exceeded
[0;1;37m14:47:47 [0m[0;1;36minfo [0mRestarting port forwarding
[0;1;37m14:57:47 [0m[0;1;31mwarn [0merror waiting for ready vcluster pod: context deadline exceeded
[0;1;37m14:57:47 [0m[0;1;36minfo [0mRestarting port forwarding
[0;1;37m15:07:46 [0m[0;1;31mwarn [0merror waiting for ready vcluster pod: context deadline exceeded
[0;1;37m15:07:46 [0m[0;1;36minfo [0mRestarting port forwarding
[0;1;37m15:17:46 [0m[0;1;31mwarn [0merror waiting for ready vcluster pod: context deadline exceeded
[0;1;37m15:17:46 [0m[0;1;36minfo [0mRestarting port forwarding
[0;1;37m15:27:47 [0m[0;1;31mwarn [0merror waiting for ready vcluster pod: context deadline exceeded
[0;1;37m15:27:47 [0m[0;1;36minfo [0mRestarting port forwarding
[0;1;37m15:37:47 [0m[0;1;31mwarn [0merror waiting for ready vcluster pod: context deadline exceeded
[0;1;37m15:37:47 [0m[0;1;36minfo [0mRestarting port forwarding
[0;1;37m15:47:47 [0m[0;1;31mwarn [0merror waiting for ready vcluster pod: context deadline exceeded
[0;1;37m15:47:47 [0m[0;1;36minfo [0mRestarting port forwarding
[0;1;37m15:57:46 [0m[0;1;31mwarn [0merror waiting for ready vcluster pod: context deadline exceeded
[0;1;37m15:57:46 [0m[0;1;36minfo [0mRestarting port forwarding
[0;1;37m16:07:46 [0m[0;1;31mwarn [0merror waiting for ready vcluster pod: context deadline exceeded
[0;1;37m16:07:46 [0m[0;1;36minfo [0mRestarting port forwarding
[0;1;37m16:17:46 [0m[0;1;31mwarn [0merror waiting for ready vcluster pod: context deadline exceeded
[0;1;37m16:17:46 [0m[0;1;36minfo [0mRestarting port forwarding
[0;1;37m16:27:46 [0m[0;1;31mwarn [0merror waiting for ready vcluster pod: context deadline exceeded
[0;1;37m16:27:46 [0m[0;1;36minfo [0mRestarting port forwarding
[0;1;37m16:37:47 [0m[0;1;31mwarn [0merror waiting for ready vcluster pod: context deadline exceeded
[0;1;37m16:37:47 [0m[0;1;36minfo [0mRestarting port forwarding
[0;1;37m16:47:47 [0m[0;1;31mwarn [0merror waiting for ready vcluster pod: context deadline exceeded
[0;1;37m16:47:47 [0m[0;1;36minfo [0mRestarting port forwarding
[0;1;37m16:57:47 [0m[0;1;31mwarn [0merror waiting for ready vcluster pod: context deadline exceeded
[0;1;37m16:57:47 [0m[0;1;36minfo [0mRestarting port forwarding
[0;1;37m17:22:46 [0m[0;1;31mwarn [0merror waiting for ready vcluster pod: context deadline exceeded
[0;1;37m17:22:46 [0m[0;1;36minfo [0mRestarting port forwarding
[0;1;37m17:32:46 [0m[0;1;31mwarn [0merror waiting for ready vcluster pod: context deadline exceeded
[0;1;37m17:32:46 [0m[0;1;36minfo [0mRestarting port forwarding
[0;1;37m17:42:46 [0m[0;1;31mwarn [0merror waiting for ready vcluster pod: context deadline exceeded
[0;1;37m17:42:46 [0m[0;1;36minfo [0mRestarting port forwarding
[0;1;37m17:52:46 [0m[0;1;31mwarn [0merror waiting for ready vcluster pod: context deadline exceeded
[0;1;37m17:52:46 [0m[0;1;36minfo [0mRestarting port forwarding
[0;1;37m18:02:46 [0m[0;1;31mwarn [0merror waiting for ready vcluster pod: context deadline exceeded
[0;1;37m18:02:46 [0m[0;1;36minfo [0mRestarting port forwarding
[0;1;37m18:12:46 [0m[0;1;31mwarn [0merror waiting for ready vcluster pod: context deadline exceeded
[0;1;37m18:12:46 [0m[0;1;36minfo [0mRestarting port forwarding
[0;1;37m18:22:46 [0m[0;1;31mwarn [0merror waiting for ready vcluster pod: context deadline exceeded
[0;1;37m18:22:46 [0m[0;1;36minfo [0mRestarting port forwarding
[0;1;37m18:57:28 [0m[0;1;31mwarn [0merror waiting for ready vcluster pod: context deadline exceeded
[0;1;37m18:57:28 [0m[0;1;36minfo [0mRestarting port forwarding
[0;1;37m19:07:28 [0m[0;1;31mwarn [0merror waiting for ready vcluster pod: context deadline exceeded
[0;1;37m19:07:28 [0m[0;1;36minfo [0mRestarting port forwarding
[0;1;37m19:17:28 [0m[0;1;31mwarn [0merror waiting for ready vcluster pod: context deadline exceeded
[0;1;37m19:17:28 [0m[0;1;36minfo [0mRestarting port forwarding
[0;1;37m19:27:28 [0m[0;1;31mwarn [0merror waiting for ready vcluster pod: context deadline exceeded
[0;1;37m19:27:28 [0m[0;1;36minfo [0mRestarting port forwarding
[0;1;37m19:37:28 [0m[0;1;31mwarn [0merror waiting for ready vcluster pod: context deadline exceeded
[0;1;37m19:37:28 [0m[0;1;36minfo [0mRestarting port forwarding
[0;1;37m19:47:28 [0m[0;1;31mwarn [0merror waiting for ready vcluster pod: context deadline exceeded
[0;1;37m19:47:28 [0m[0;1;36minfo [0mRestarting port forwarding
[0;1;37m20:06:26 [0m[0;1;31mwarn [0merror waiting for ready vcluster pod: context deadline exceeded
[0;1;37m20:06:26 [0m[0;1;36minfo [0mRestarting port forwarding
[0;1;37m20:16:26 [0m[0;1;31mwarn [0merror waiting for ready vcluster pod: context deadline exceeded
[0;1;37m20:16:26 [0m[0;1;36minfo [0mRestarting port forwarding
[0;1;37m20:26:26 [0m[0;1;31mwarn [0merror waiting for ready vcluster pod: context deadline exceeded
[0;1;37m20:26:26 [0m[0;1;36minfo [0mRestarting port forwarding
[0;1;37m20:36:26 [0m[0;1;31mwarn [0merror waiting for ready vcluster pod: context deadline exceeded
[0;1;37m20:36:26 [0m[0;1;36minfo [0mRestarting port forwarding
[0;1;37m20:46:26 [0m[0;1;31mwarn [0merror waiting for ready vcluster pod: context deadline exceeded
[0;1;37m20:46:26 [0m[0;1;36minfo [0mRestarting port forwarding
[0;1;37m20:56:26 [0m[0;1;31mwarn [0merror waiting for ready vcluster pod: context deadline exceeded
[0;1;37m20:56:26 [0m[0;1;36minfo [0mRestarting port forwarding
[0;1;37m21:42:33 [0m[0;1;31mwarn [0merror waiting for ready vcluster pod: context deadline exceeded
[0;1;37m21:42:33 [0m[0;1;36minfo [0mRestarting port forwarding
[0;1;37m21:52:33 [0m[0;1;31mwarn [0merror waiting for ready vcluster pod: context deadline exceeded
[0;1;37m21:52:33 [0m[0;1;36minfo [0mRestarting port forwarding
[0;1;37m22:02:33 [0m[0;1;31mwarn [0merror waiting for ready vcluster pod: context deadline exceeded
[0;1;37m22:02:33 [0m[0;1;36minfo [0mRestarting port forwarding
[0;1;37m22:21:01 [0m[0;1;31mwarn [0merror waiting for ready vcluster pod: context deadline exceeded
[0;1;37m22:21:01 [0m[0;1;36minfo [0mRestarting port forwarding
[0;1;37m22:47:39 [0m[0;1;31mwarn [0merror waiting for ready vcluster pod: context deadline exceeded
[0;1;37m22:47:39 [0m[0;1;36minfo [0mRestarting port forwarding
[0;1;37m22:57:39 [0m[0;1;31mwarn [0merror waiting for ready vcluster pod: context deadline exceeded
[0;1;37m22:57:39 [0m[0;1;36minfo [0mRestarting port forwarding
[0;1;37m23:07:39 [0m[0;1;31mwarn [0merror waiting for ready vcluster pod: context deadline exceeded
[0;1;37m23:07:39 [0m[0;1;36minfo [0mRestarting port forwarding
[0;1;37m23:17:39 [0m[0;1;31mwarn [0merror waiting for ready vcluster pod: context deadline exceeded
[0;1;37m23:17:39 [0m[0;1;36minfo [0mRestarting port forwarding
[0;1;37m23:27:39 [0m[0;1;31mwarn [0merror waiting for ready vcluster pod: context deadline exceeded
[0;1;37m23:27:39 [0m[0;1;36minfo [0mRestarting port forwarding
[0;1;37m23:37:39 [0m[0;1;31mwarn [0merror waiting for ready vcluster pod: context deadline exceeded
[0;1;37m23:37:39 [0m[0;1;36minfo [0mRestarting port forwarding
[0;1;37m23:54:23 [0m[0;1;31mwarn [0merror waiting for ready vcluster pod: context deadline exceeded
[0;1;37m23:54:23 [0m[0;1;36minfo [0mRestarting port forwarding
[0;1;37m00:04:23 [0m[0;1;31mwarn [0merror waiting for ready vcluster pod: context deadline exceeded
[0;1;37m00:04:23 [0m[0;1;36minfo [0mRestarting port forwarding
[0;1;37m00:14:23 [0m[0;1;31mwarn [0merror waiting for ready vcluster pod: context deadline exceeded
[0;1;37m00:14:23 [0m[0;1;36minfo [0mRestarting port forwarding
[0;1;37m00:24:22 [0m[0;1;31mwarn [0merror waiting for ready vcluster pod: context deadline exceeded
[0;1;37m00:24:22 [0m[0;1;36minfo [0mRestarting port forwarding
[0;1;37m00:34:22 [0m[0;1;31mwarn [0merror waiting for ready vcluster pod: context deadline exceeded
[0;1;37m00:34:22 [0m[0;1;36minfo [0mRestarting port forwarding
[0;1;37m00:44:22 [0m[0;1;31mwarn [0merror waiting for ready vcluster pod: context deadline exceeded
[0;1;37m00:44:22 [0m[0;1;36minfo [0mRestarting port forwarding
[0;1;37m01:10:26 [0m[0;1;31mwarn [0merror waiting for ready vcluster pod: context deadline exceeded
[0;1;37m01:10:26 [0m[0;1;36minfo [0mRestarting port forwarding
[0;1;37m01:20:26 [0m[0;1;31mwarn [0merror waiting for ready vcluster pod: context deadline exceeded
[0;1;37m01:20:26 [0m[0;1;36minfo [0mRestarting port forwarding
[0;1;37m01:30:26 [0m[0;1;31mwarn [0merror waiting for ready vcluster pod: context deadline exceeded
[0;1;37m01:30:26 [0m[0;1;36minfo [0mRestarting port forwarding
[0;1;37m01:40:26 [0m[0;1;31mwarn [0merror waiting for ready vcluster pod: context deadline exceeded
[0;1;37m01:40:26 [0m[0;1;36minfo [0mRestarting port forwarding
[0;1;37m01:50:26 [0m[0;1;31mwarn [0merror waiting for ready vcluster pod: context deadline exceeded
[0;1;37m01:50:26 [0m[0;1;36minfo [0mRestarting port forwarding
[0;1;37m02:00:26 [0m[0;1;31mwarn [0merror waiting for ready vcluster pod: context deadline exceeded
[0;1;37m02:00:26 [0m[0;1;36minfo [0mRestarting port forwarding
[0;1;37m02:43:38 [0m[0;1;31mwarn [0merror waiting for ready vcluster pod: context deadline exceeded
[0;1;37m02:43:38 [0m[0;1;36minfo [0mRestarting port forwarding
[0;1;37m02:53:38 [0m[0;1;31mwarn [0merror waiting for ready vcluster pod: context deadline exceeded
[0;1;37m02:53:38 [0m[0;1;36minfo [0mRestarting port forwarding
[0;1;37m03:03:38 [0m[0;1;31mwarn [0merror waiting for ready vcluster pod: context deadline exceeded
[0;1;37m03:03:38 [0m[0;1;36minfo [0mRestarting port forwarding
[0;1;37m03:13:38 [0m[0;1;31mwarn [0merror waiting for ready vcluster pod: context deadline exceeded
[0;1;37m03:13:38 [0m[0;1;36minfo [0mRestarting port forwarding
[0;1;37m03:23:38 [0m[0;1;31mwarn [0merror waiting for ready vcluster pod: context deadline exceeded
[0;1;37m03:23:38 [0m[0;1;36minfo [0mRestarting port forwarding
[0;1;37m03:33:38 [0m[0;1;31mwarn [0merror waiting for ready vcluster pod: context deadline exceeded
[0;1;37m03:33:38 [0m[0;1;36minfo [0mRestarting port forwarding
[0;1;37m04:00:33 [0m[0;1;31mwarn [0merror waiting for ready vcluster pod: context deadline exceeded
[0;1;37m04:00:33 [0m[0;1;36minfo [0mRestarting port forwarding
[0;1;37m05:23:49 [0m[0;1;31mwarn [0merror waiting for ready vcluster pod: context deadline exceeded
[0;1;37m05:23:49 [0m[0;1;36minfo [0mRestarting port forwarding
[0;1;37m05:39:56 [0m[0;1;31mwarn [0merror waiting for ready vcluster pod: context deadline exceeded
[0;1;37m05:39:56 [0m[0;1;36minfo [0mRestarting port forwarding
[0;1;37m05:49:56 [0m[0;1;31mwarn [0merror waiting for ready vcluster pod: context deadline exceeded
[0;1;37m05:49:56 [0m[0;1;36minfo [0mRestarting port forwarding
[0;1;37m05:59:56 [0m[0;1;31mwarn [0merror waiting for ready vcluster pod: context deadline exceeded
[0;1;37m05:59:56 [0m[0;1;36minfo [0mRestarting port forwarding
[0;1;37m06:09:56 [0m[0;1;31mwarn [0merror waiting for ready vcluster pod: context deadline exceeded
[0;1;37m06:09:56 [0m[0;1;36minfo [0mRestarting port forwarding
[0;1;37m06:19:56 [0m[0;1;31mwarn [0merror waiting for ready vcluster pod: context deadline exceeded
[0;1;37m06:19:56 [0m[0;1;36minfo [0mRestarting port forwarding
[0;1;37m06:29:56 [0m[0;1;31mwarn [0merror waiting for ready vcluster pod: context deadline exceeded
[0;1;37m06:29:56 [0m[0;1;36minfo [0mRestarting port forwarding
[0;1;37m06:56:51 [0m[0;1;31mwarn [0merror waiting for ready vcluster pod: context deadline exceeded
[0;1;37m06:56:51 [0m[0;1;36minfo [0mRestarting port forwarding
[0;1;37m07:06:51 [0m[0;1;31mwarn [0merror waiting for ready vcluster pod: context deadline exceeded
[0;1;37m07:06:51 [0m[0;1;36minfo [0mRestarting port forwarding
[0;1;37m07:16:51 [0m[0;1;31mwarn [0merror waiting for ready vcluster pod: context deadline exceeded
[0;1;37m07:16:51 [0m[0;1;36minfo [0mRestarting port forwarding
[0;1;37m07:26:51 [0m[0;1;31mwarn [0merror waiting for ready vcluster pod: context deadline exceeded
[0;1;37m07:26:51 [0m[0;1;36minfo [0mRestarting port forwarding
[0;1;37m07:36:51 [0m[0;1;31mwarn [0merror waiting for ready vcluster pod: context deadline exceeded
[0;1;37m07:36:51 [0m[0;1;36minfo [0mRestarting port forwarding
[0;1;37m07:46:51 [0m[0;1;31mwarn [0merror waiting for ready vcluster pod: context deadline exceeded
[0;1;37m07:46:51 [0m[0;1;36minfo [0mRestarting port forwarding
[0;1;37m08:17:45 [0m[0;1;31mwarn [0merror waiting for ready vcluster pod: context deadline exceeded
[0;1;37m08:17:45 [0m[0;1;36minfo [0mRestarting port forwarding
[0;1;37m08:27:45 [0m[0;1;31mwarn [0merror waiting for ready vcluster pod: context deadline exceeded
[0;1;37m08:27:45 [0m[0;1;36minfo [0mRestarting port forwarding
[0;1;37m08:37:45 [0m[0;1;31mwarn [0merror waiting for ready vcluster pod: context deadline exceeded
[0;1;37m08:37:45 [0m[0;1;36minfo [0mRestarting port forwarding
[0;1;37m08:47:45 [0m[0;1;31mwarn [0merror waiting for ready vcluster pod: context deadline exceeded
[0;1;37m08:47:45 [0m[0;1;36minfo [0mRestarting port forwarding
[0;1;37m08:57:45 [0m[0;1;31mwarn [0merror waiting for ready vcluster pod: context deadline exceeded
[0;1;37m08:57:45 [0m[0;1;36minfo [0mRestarting port forwarding
[0;1;37m09:07:45 [0m[0;1;31mwarn [0merror waiting for ready vcluster pod: context deadline exceeded
[0;1;37m09:07:45 [0m[0;1;36minfo [0mRestarting port forwarding
[0;1;37m09:25:21 [0m[0;1;31mwarn [0merror waiting for ready vcluster pod: context deadline exceeded
[0;1;37m09:25:21 [0m[0;1;36minfo [0mRestarting port forwarding
[0;1;37m09:35:21 [0m[0;1;31mwarn [0merror waiting for ready vcluster pod: context deadline exceeded
[0;1;37m09:35:21 [0m[0;1;36minfo [0mRestarting port forwarding
[0;1;37m09:45:21 [0m[0;1;31mwarn [0merror waiting for ready vcluster pod: context deadline exceeded
[0;1;37m09:45:21 [0m[0;1;36minfo [0mRestarting port forwarding
[0;1;37m09:55:21 [0m[0;1;31mwarn [0merror waiting for ready vcluster pod: context deadline exceeded
[0;1;37m09:55:21 [0m[0;1;36minfo [0mRestarting port forwarding
[0;1;37m10:05:21 [0m[0;1;31mwarn [0merror waiting for ready vcluster pod: context deadline exceeded
[0;1;37m10:05:21 [0m[0;1;36minfo [0mRestarting port forwarding
[0;1;37m10:15:21 [0m[0;1;31mwarn [0merror waiting for ready vcluster pod: context deadline exceeded
[0;1;37m10:15:21 [0m[0;1;36minfo [0mRestarting port forwarding
[0;1;37m10:53:54 [0m[0;1;31mwarn [0merror waiting for ready vcluster pod: context deadline exceeded
[0;1;37m10:53:54 [0m[0;1;36minfo [0mRestarting port forwarding
[0;1;37m11:19:57 [0m[0;1;31mwarn [0merror waiting for ready vcluster pod: context deadline exceeded
[0;1;37m11:19:57 [0m[0;1;36minfo [0mRestarting port forwarding
[0;1;37m11:29:57 [0m[0;1;31mwarn [0merror waiting for ready vcluster pod: context deadline exceeded
[0;1;37m11:29:57 [0m[0;1;36minfo [0mRestarting port forwarding
[0;1;37m11:39:57 [0m[0;1;31mwarn [0merror waiting for ready vcluster pod: context deadline exceeded
[0;1;37m11:39:57 [0m[0;1;36minfo [0mRestarting port forwarding
[0;1;37m11:49:57 [0m[0;1;31mwarn [0merror waiting for ready vcluster pod: context deadline exceeded
[0;1;37m11:49:57 [0m[0;1;36minfo [0mRestarting port forwarding
[0;1;37m11:59:57 [0m[0;1;31mwarn [0merror waiting for ready vcluster pod: context deadline exceeded
[0;1;37m11:59:57 [0m[0;1;36minfo [0mRestarting port forwarding
[0;1;37m12:09:57 [0m[0;1;31mwarn [0merror waiting for ready vcluster pod: context deadline exceeded
[0;1;37m12:09:57 [0m[0;1;36minfo [0mRestarting port forwarding
[0;1;37m12:48:16 [0m[0;1;31mwarn [0merror waiting for ready vcluster pod: context deadline exceeded
[0;1;37m12:48:16 [0m[0;1;36minfo [0mRestarting port forwarding
[0;1;37m12:58:16 [0m[0;1;31mwarn [0merror waiting for ready vcluster pod: context deadline exceeded
[0;1;37m12:58:16 [0m[0;1;36minfo [0mRestarting port forwarding
[0;1;37m13:08:16 [0m[0;1;31mwarn [0merror waiting for ready vcluster pod: context deadline exceeded
[0;1;37m13:08:16 [0m[0;1;36minfo [0mRestarting port forwarding
[0;1;37m13:18:16 [0m[0;1;31mwarn [0merror waiting for ready vcluster pod: context deadline exceeded
[0;1;37m13:18:16 [0m[0;1;36minfo [0mRestarting port forwarding
[0;1;37m13:28:16 [0m[0;1;31mwarn [0merror waiting for ready vcluster pod: context deadline exceeded
[0;1;37m13:28:16 [0m[0;1;36minfo [0mRestarting port forwarding
[0;1;37m13:38:15 [0m[0;1;31mwarn [0merror waiting for ready vcluster pod: context deadline exceeded
[0;1;37m13:38:15 [0m[0;1;36minfo [0mRestarting port forwarding
[0;1;37m15:16:02 [0m[0;1;31mwarn [0merror waiting for ready vcluster pod: context deadline exceeded
[0;1;37m15:16:02 [0m[0;1;36minfo [0mRestarting port forwarding
[0;1;37m18:54:20 [0m[0;1;31mwarn [0merror waiting for ready vcluster pod: context deadline exceeded
[0;1;37m18:54:20 [0m[0;1;36minfo [0mRestarting port forwarding
[0;1;37m22:31:55 [0m[0;1;31mwarn [0merror waiting for ready vcluster pod: context deadline exceeded
[0;1;37m22:31:55 [0m[0;1;36minfo [0mRestarting port forwarding
[0;1;37m02:16:11 [0m[0;1;31mwarn [0merror waiting for ready vcluster pod: context deadline exceeded
[0;1;37m02:16:11 [0m[0;1;36minfo [0mRestarting port forwarding
[0;1;37m06:06:09 [0m[0;1;31mwarn [0merror waiting for ready vcluster pod: context deadline exceeded
[0;1;37m06:06:09 [0m[0;1;36minfo [0mRestarting port forwarding
[0;1;37m09:44:42 [0m[0;1;31mwarn [0merror waiting for ready vcluster pod: context deadline exceeded
[0;1;37m09:44:42 [0m[0;1;36minfo [0mRestarting port forwarding
[0;1;37m13:21:35 [0m[0;1;31mwarn [0merror waiting for ready vcluster pod: context deadline exceeded
[0;1;37m13:21:35 [0m[0;1;36minfo [0mRestarting port forwarding
[0;1;37m17:00:51 [0m[0;1;31mwarn [0merror waiting for ready vcluster pod: context deadline exceeded
[0;1;37m17:00:51 [0m[0;1;36minfo [0mRestarting port forwarding
[0;1;37m20:28:40 [0m[0;1;31mwarn [0merror waiting for ready vcluster pod: context deadline exceeded
[0;1;37m20:28:40 [0m[0;1;36minfo [0mRestarting port forwarding
[0;1;37m00:10:02 [0m[0;1;31mwarn [0merror waiting for ready vcluster pod: context deadline exceeded
[0;1;37m00:10:02 [0m[0;1;36minfo [0mRestarting port forwarding
[0;1;37m03:47:42 [0m[0;1;31mwarn [0merror waiting for ready vcluster pod: context deadline exceeded
[0;1;37m03:47:42 [0m[0;1;36minfo [0mRestarting port forwarding
[0;1;37m07:31:20 [0m[0;1;31mwarn [0merror waiting for ready vcluster pod: context deadline exceeded
[0;1;37m07:31:20 [0m[0;1;36minfo [0mRestarting port forwarding
[0;1;37m11:08:41 [0m[0;1;31mwarn [0merror waiting for ready vcluster pod: context deadline exceeded
[0;1;37m11:08:41 [0m[0;1;36minfo [0mRestarting port forwarding
[0;1;37m14:29:58 [0m[0;1;31mwarn [0merror waiting for ready vcluster pod: context deadline exceeded
[0;1;37m14:29:58 [0m[0;1;36minfo [0mRestarting port forwarding
[0;1;37m18:06:33 [0m[0;1;31mwarn [0merror waiting for ready vcluster pod: context deadline exceeded
[0;1;37m18:06:33 [0m[0;1;36minfo [0mRestarting port forwarding
36minfo [0mRestarting port forwarding
[0;1;37m20:35:16 [0m[0;1;31mwarn [0merror waiting for ready vcluster pod: context deadline exceeded
[0;1;37m20:35:16 [0m[0;1;36minfo [0mRestarting port forwarding
[0;1;37m20:45:16 [0m[0;1;31mwarn [0merror waiting for ready vcluster pod: context deadline exceeded
[0;1;37m20:45:16 [0m[0;1;36minfo [0mRestarting port forwarding
[0;1;37m20:55:16 [0m[0;1;31mwarn [0merror waiting for ready vcluster pod: context deadline exceeded
[0;1;37m20:55:16 [0m[0;1;36minfo [0mRestarting port forwarding
[0;1;37m21:41:23 [0m[0;1;31mwarn [0merror waiting for ready vcluster pod: context deadline exceeded
[0;1;37m21:41:23 [0m[0;1;36minfo [0mRestarting port forwarding
[0;1;37m21:51:23 [0m[0;1;31mwarn [0merror waiting for ready vcluster pod: context deadline exceeded
[0;1;37m21:51:23 [0m[0;1;36minfo [0mRestarting port forwarding
[0;1;37m22:01:23 [0m[0;1;31mwarn [0merror waiting for ready vcluster pod: context deadline exceeded
[0;1;37m22:01:23 [0m[0;1;36minfo [0mRestarting port forwarding
[0;1;37m22:13:58 [0m[0;1;31mwarn [0merror waiting for ready vcluster pod: context deadline exceeded
[0;1;37m22:13:58 [0m[0;1;36minfo [0mRestarting port forwarding
[0;1;37m22:46:29 [0m[0;1;31mwarn [0merror waiting for ready vcluster pod: context deadline exceeded
[0;1;37m22:46:29 [0m[0;1;36minfo [0mRestarting port forwarding
[0;1;37m22:56:29 [0m[0;1;31mwarn [0merror waiting for ready vcluster pod: context deadline exceeded
[0;1;37m22:56:29 [0m[0;1;36minfo [0mRestarting port forwarding
[0;1;37m23:06:29 [0m[0;1;31mwarn [0merror waiting for ready vcluster pod: context deadline exceeded
[0;1;37m23:06:29 [0m[0;1;36minfo [0mRestarting port forwarding
[0;1;37m23:16:29 [0m[0;1;31mwarn [0merror waiting for ready vcluster pod: context deadline exceeded
[0;1;37m23:16:29 [0m[0;1;36minfo [0mRestarting port forwarding
[0;1;37m23:26:29 [0m[0;1;31mwarn [0merror waiting for ready vcluster pod: context deadline exceeded
[0;1;37m23:26:29 [0m[0;1;36minfo [0mRestarting port forwarding
[0;1;37m23:36:29 [0m[0;1;31mwarn [0merror waiting for ready vcluster pod: context deadline exceeded
[0;1;37m23:36:29 [0m[0;1;36minfo [0mRestarting port forwarding
[0;1;37m23:53:13 [0m[0;1;31mwarn [0merror waiting for ready vcluster pod: context deadline exceeded
[0;1;37m23:53:13 [0m[0;1;36minfo [0mRestarting port forwarding
[0;1;37m00:03:13 [0m[0;1;31mwarn [0merror waiting for ready vcluster pod: context deadline exceeded
[0;1;37m00:03:13 [0m[0;1;36minfo [0mRestarting port forwarding
[0;1;37m00:13:13 [0m[0;1;31mwarn [0merror waiting for ready vcluster pod: context deadline exceeded
[0;1;37m00:13:13 [0m[0;1;36minfo [0mRestarting port forwarding
[0;1;37m00:23:13 [0m[0;1;31mwarn [0merror waiting for ready vcluster pod: context deadline exceeded
[0;1;37m00:23:13 [0m[0;1;36minfo [0mRestarting port forwarding
[0;1;37m00:33:13 [0m[0;1;31mwarn [0merror waiting for ready vcluster pod: context deadline exceeded
[0;1;37m00:33:13 [0m[0;1;36minfo [0mRestarting port forwarding
[0;1;37m00:43:13 [0m[0;1;31mwarn [0merror waiting for ready vcluster pod: context deadline exceeded
[0;1;37m00:43:13 [0m[0;1;36minfo [0mRestarting port forwarding
[0;1;37m01:09:16 [0m[0;1;31mwarn [0merror waiting for ready vcluster pod: context deadline exceeded
[0;1;37m01:09:16 [0m[0;1;36minfo [0mRestarting port forwarding
[0;1;37m01:19:17 [0m[0;1;31mwarn [0merror waiting for ready vcluster pod: context deadline exceeded
[0;1;37m01:19:17 [0m[0;1;36minfo [0mRestarting port forwarding
[0;1;37m01:29:17 [0m[0;1;31mwarn [0merror waiting for ready vcluster pod: context deadline exceeded
[0;1;37m01:29:17 [0m[0;1;36minfo [0mRestarting port forwarding
[0;1;37m01:39:17 [0m[0;1;31mwarn [0merror waiting for ready vcluster pod: context deadline exceeded
[0;1;37m01:39:17 [0m[0;1;36minfo [0mRestarting port forwarding
[0;1;37m01:49:17 [0m[0;1;31mwarn [0merror waiting for ready vcluster pod: context deadline exceeded
[0;1;37m01:49:17 [0m[0;1;36minfo [0mRestarting port forwarding
[0;1;37m01:59:17 [0m[0;1;31mwarn [0merror waiting for ready vcluster pod: context deadline exceeded
[0;1;37m01:59:17 [0m[0;1;36minfo [0mRestarting port forwarding
[0;1;37m02:42:28 [0m[0;1;31mwarn [0merror waiting for ready vcluster pod: context deadline exceeded
[0;1;37m02:42:28 [0m[0;1;36minfo [0mRestarting port forwarding
[0;1;37m02:52:28 [0m[0;1;31mwarn [0merror waiting for ready vcluster pod: context deadline exceeded
[0;1;37m02:52:28 [0m[0;1;36minfo [0mRestarting port forwarding
[0;1;37m03:02:28 [0m[0;1;31mwarn [0merror waiting for ready vcluster pod: context deadline exceeded
[0;1;37m03:02:28 [0m[0;1;36minfo [0mRestarting port forwarding
[0;1;37m03:12:28 [0m[0;1;31mwarn [0merror waiting for ready vcluster pod: context deadline exceeded
[0;1;37m03:12:28 [0m[0;1;36minfo [0mRestarting port forwarding
[0;1;37m03:22:28 [0m[0;1;31mwarn [0merror waiting for ready vcluster pod: context deadline exceeded
[0;1;37m03:22:28 [0m[0;1;36minfo [0mRestarting port forwarding
[0;1;37m03:32:28 [0m[0;1;31mwarn [0merror waiting for ready vcluster pod: context deadline exceeded
[0;1;37m03:32:28 [0m[0;1;36minfo [0mRestarting port forwarding
[0;1;37m03:51:05 [0m[0;1;31mwarn [0merror waiting for ready vcluster pod: context deadline exceeded
[0;1;37m03:51:05 [0m[0;1;36minfo [0mRestarting port forwarding
[0;1;37m05:22:40 [0m[0;1;31mwarn [0merror waiting for ready vcluster pod: context deadline exceeded
[0;1;37m05:22:40 [0m[0;1;36minfo [0mRestarting port forwarding
[0;1;37m05:38:47 [0m[0;1;31mwarn [0merror waiting for ready vcluster pod: context deadline exceeded
[0;1;37m05:38:47 [0m[0;1;36minfo [0mRestarting port forwarding
[0;1;37m05:48:47 [0m[0;1;31mwarn [0merror waiting for ready vcluster pod: context deadline exceeded
[0;1;37m05:48:47 [0m[0;1;36minfo [0mRestarting port forwarding
[0;1;37m05:58:47 [0m[0;1;31mwarn [0merror waiting for ready vcluster pod: context deadline exceeded
[0;1;37m05:58:47 [0m[0;1;36minfo [0mRestarting port forwarding
[0;1;37m06:08:47 [0m[0;1;31mwarn [0merror waiting for ready vcluster pod: context deadline exceeded
[0;1;37m06:08:47 [0m[0;1;36minfo [0mRestarting port forwarding
[0;1;37m06:18:47 [0m[0;1;31mwarn [0merror waiting for ready vcluster pod: context deadline exceeded
[0;1;37m06:18:47 [0m[0;1;36minfo [0mRestarting port forwarding
[0;1;37m06:28:47 [0m[0;1;31mwarn [0merror waiting for ready vcluster pod: context deadline exceeded
[0;1;37m06:28:47 [0m[0;1;36minfo [0mRestarting port forwarding
[0;1;37m06:55:41 [0m[0;1;31mwarn [0merror waiting for ready vcluster pod: context deadline exceeded
[0;1;37m06:55:41 [0m[0;1;36minfo [0mRestarting port forwarding
[0;1;37m07:05:41 [0m[0;1;31mwarn [0merror waiting for ready vcluster pod: context deadline exceeded
[0;1;37m07:05:41 [0m[0;1;36minfo [0mRestarting port forwarding
[0;1;37m07:15:41 [0m[0;1;31mwarn [0merror waiting for ready vcluster pod: context deadline exceeded
[0;1;37m07:15:41 [0m[0;1;36minfo [0mRestarting port forwarding
[0;1;37m07:25:41 [0m[0;1;31mwarn [0merror waiting for ready vcluster pod: context deadline exceeded
[0;1;37m07:25:41 [0m[0;1;36minfo [0mRestarting port forwarding
[0;1;37m07:35:41 [0m[0;1;31mwarn [0merror waiting for ready vcluster pod: context deadline exceeded
[0;1;37m07:35:41 [0m[0;1;36minfo [0mRestarting port forwarding
[0;1;37m07:45:41 [0m[0;1;31mwarn [0merror waiting for ready vcluster pod: context deadline exceeded
[0;1;37m07:45:41 [0m[0;1;36minfo [0mRestarting port forwarding
[0;1;37m08:16:35 [0m[0;1;31mwarn [0merror waiting for ready vcluster pod: context deadline exceeded
[0;1;37m08:16:35 [0m[0;1;36minfo [0mRestarting port forwarding
[0;1;37m08:26:35 [0m[0;1;31mwarn [0merror waiting for ready vcluster pod: context deadline exceeded
[0;1;37m08:26:36 [0m[0;1;36minfo [0mRestarting port forwarding
[0;1;37m08:36:36 [0m[0;1;31mwarn [0merror waiting for ready vcluster pod: context deadline exceeded
[0;1;37m08:36:36 [0m[0;1;36minfo [0mRestarting port forwarding
[0;1;37m08:46:36 [0m[0;1;31mwarn [0merror waiting for ready vcluster pod: context deadline exceeded
[0;1;37m08:46:36 [0m[0;1;36minfo [0mRestarting port forwarding
[0;1;37m08:56:36 [0m[0;1;31mwarn [0merror waiting for ready vcluster pod: context deadline exceeded
[0;1;37m08:56:36 [0m[0;1;36minfo [0mRestarting port forwarding
[0;1;37m09:06:36 [0m[0;1;31mwarn [0merror waiting for ready vcluster pod: context deadline exceeded
[0;1;37m09:06:36 [0m[0;1;36minfo [0mRestarting port forwarding
[0;1;37m09:24:11 [0m[0;1;31mwarn [0merror waiting for ready vcluster pod: context deadline exceeded
[0;1;37m09:24:11 [0m[0;1;36minfo [0mRestarting port forwarding
[0;1;37m09:34:11 [0m[0;1;31mwarn [0merror waiting for ready vcluster pod: context deadline exceeded
[0;1;37m09:34:11 [0m[0;1;36minfo [0mRestarting port forwarding
[0;1;37m09:44:11 [0m[0;1;31mwarn [0merror waiting for ready vcluster pod: context deadline exceeded
[0;1;37m09:44:11 [0m[0;1;36minfo [0mRestarting port forwarding
[0;1;37m09:54:11 [0m[0;1;31mwarn [0merror waiting for ready vcluster pod: context deadline exceeded
[0;1;37m09:54:11 [0m[0;1;36minfo [0mRestarting port forwarding
[0;1;37m10:04:11 [0m[0;1;31mwarn [0merror waiting for ready vcluster pod: context deadline exceeded
[0;1;37m10:04:11 [0m[0;1;36minfo [0mRestarting port forwarding
[0;1;37m10:14:11 [0m[0;1;31mwarn [0merror waiting for ready vcluster pod: context deadline exceeded
[0;1;37m10:14:11 [0m[0;1;36minfo [0mRestarting port forwarding
[0;1;37m10:44:28 [0m[0;1;31mwarn [0merror waiting for ready vcluster pod: context deadline exceeded
[0;1;37m10:44:28 [0m[0;1;36minfo [0mRestarting port forwarding
[0;1;37m11:18:48 [0m[0;1;31mwarn [0merror waiting for ready vcluster pod: context deadline exceeded
[0;1;37m11:18:48 [0m[0;1;36minfo [0mRestarting port forwarding
[0;1;37m11:28:48 [0m[0;1;31mwarn [0merror waiting for ready vcluster pod: context deadline exceeded
[0;1;37m11:28:48 [0m[0;1;36minfo [0mRestarting port forwarding
[0;1;37m11:38:48 [0m[0;1;31mwarn [0merror waiting for ready vcluster pod: context deadline exceeded
[0;1;37m11:38:48 [0m[0;1;36minfo [0mRestarting port forwarding
[0;1;37m11:48:48 [0m[0;1;31mwarn [0merror waiting for ready vcluster pod: context deadline exceeded
[0;1;37m11:48:48 [0m[0;1;36minfo [0mRestarting port forwarding
[0;1;37m11:58:48 [0m[0;1;31mwarn [0merror waiting for ready vcluster pod: context deadline exceeded
[0;1;37m11:58:48 [0m[0;1;36minfo [0mRestarting port forwarding
[0;1;37m12:08:48 [0m[0;1;31mwarn [0merror waiting for ready vcluster pod: context deadline exceeded
[0;1;37m12:08:48 [0m[0;1;36minfo [0mRestarting port forwarding
[0;1;37m12:47:06 [0m[0;1;31mwarn [0merror waiting for ready vcluster pod: context deadline exceeded
[0;1;37m12:47:06 [0m[0;1;36minfo [0mRestarting port forwarding
[0;1;37m12:57:06 [0m[0;1;31mwarn [0merror waiting for ready vcluster pod: context deadline exceeded
[0;1;37m12:57:06 [0m[0;1;36minfo [0mRestarting port forwarding
[0;1;37m13:07:06 [0m[0;1;31mwarn [0merror waiting for ready vcluster pod: context deadline exceeded
[0;1;37m13:07:06 [0m[0;1;36minfo [0mRestarting port forwarding
[0;1;37m13:17:06 [0m[0;1;31mwarn [0merror waiting for ready vcluster pod: context deadline exceeded
[0;1;37m13:17:06 [0m[0;1;36minfo [0mRestarting port forwarding
[0;1;37m13:27:06 [0m[0;1;31mwarn [0merror waiting for ready vcluster pod: context deadline exceeded
[0;1;37m13:27:06 [0m[0;1;36minfo [0mRestarting port forwarding
[0;1;37m13:37:06 [0m[0;1;31mwarn [0merror waiting for ready vcluster pod: context deadline exceeded
[0;1;37m13:37:06 [0m[0;1;36minfo [0mRestarting port forwarding
[0;1;37m14:51:18 [0m[0;1;31mwarn [0merror waiting for ready vcluster pod: context deadline exceeded
[0;1;37m14:51:18 [0m[0;1;36minfo [0mRestarting port forwarding
[0;1;37m18:33:56 [0m[0;1;31mwarn [0merror waiting for ready vcluster pod: context deadline exceeded
[0;1;37m18:33:56 [0m[0;1;36minfo [0mRestarting port forwarding
[0;1;37m22:04:25 [0m[0;1;31mwarn [0merror waiting for ready vcluster pod: context deadline exceeded
[0;1;37m22:04:25 [0m[0;1;36minfo [0mRestarting port forwarding
[0;1;37m01:49:04 [0m[0;1;31mwarn [0merror waiting for ready vcluster pod: context deadline exceeded
[0;1;37m01:49:04 [0m[0;1;36minfo [0mRestarting port forwarding
[0;1;37m05:35:47 [0m[0;1;31mwarn [0merror waiting for ready vcluster pod: context deadline exceeded
[0;1;37m05:35:47 [0m[0;1;36minfo [0mRestarting port forwarding
[0;1;37m09:17:31 [0m[0;1;31mwarn [0merror waiting for ready vcluster pod: context deadline exceeded
[0;1;37m09:17:31 [0m[0;1;36minfo [0mRestarting port forwarding
[0;1;37m12:56:51 [0m[0;1;31mwarn [0merror waiting for ready vcluster pod: context deadline exceeded
[0;1;37m12:56:51 [0m[0;1;36minfo [0mRestarting port forwarding
[0;1;37m16:33:41 [0m[0;1;31mwarn [0merror waiting for ready vcluster pod: context deadline exceeded
[0;1;37m16:33:41 [0m[0;1;36minfo [0mRestarting port forwarding
[0;1;37m20:03:55 [0m[0;1;31mwarn [0merror waiting for ready vcluster pod: context deadline exceeded
[0;1;37m20:03:55 [0m[0;1;36minfo [0mRestarting port forwarding
[0;1;37m23:42:54 [0m[0;1;31mwarn [0merror waiting for ready vcluster pod: context deadline exceeded
[0;1;37m23:42:54 [0m[0;1;36minfo [0mRestarting port forwarding
[0;1;37m03:29:16 [0m[0;1;31mwarn [0merror waiting for ready vcluster pod: context deadline exceeded
[0;1;37m03:29:16 [0m[0;1;36minfo [0mRestarting port forwarding
[0;1;37m07:04:12 [0m[0;1;31mwarn [0merror waiting for ready vcluster pod: context deadline exceeded
[0;1;37m07:04:12 [0m[0;1;36minfo [0mRestarting port forwarding
[0;1;37m10:44:08 [0m[0;1;31mwarn [0merror waiting for ready vcluster pod: context deadline exceeded
[0;1;37m10:44:08 [0m[0;1;36minfo [0mRestarting port forwarding
[0;1;37m14:02:36 [0m[0;1;31mwarn [0merror waiting for ready vcluster pod: context deadline exceeded
[0;1;37m14:02:36 [0m[0;1;36minfo [0mRestarting port forwarding
[0;1;37m17:41:54 [0m[0;1;31mwarn [0merror waiting for ready vcluster pod: context deadline exceeded
[0;1;37m17:41:54 [0m[0;1;36minfo [0mRestarting port forwarding
